# JRE version: Java(TM) SE Runtime Environment (8.0_51-b16) (build 1.8.0_51-b16)
# Java VM: Java HotSpot(TM) 64-Bit Server VM (25.51-b03 mixed mode windows-amd64 compressed oops)
Heap:
 garbage-first heap   total 2064384K, used 755633K [0x0000000080000000, 0x00000000820001f8, 0x0000000100000000)
  region size 32768K, 10 young (327680K), 3 survivors (98304K)
 Metaspace       used 70678K, capacity 77716K, committed 77928K, reserved 1116160K
  class space    used 9822K, capacity 11607K, committed 11668K, reserved 1048576K
GC Heap History (10 events):
Event: 34.519 GC heap before
{Heap before GC invocations=86 (full 0):
 garbage-first heap   total 2064384K, used 1579065K [0x0000000080000000, 0x00000000820001f8, 0x0000000100000000)
  region size 32768K, 35 young (1146880K), 2 survivors (65536K)
 Metaspace       used 67681K, capacity 74212K, committed 74344K, reserved 1112064K
  class space    used 9409K, capacity 11100K, committed 11156K, reserved 1048576K
Event: 34.549 GC heap after
Heap after GC invocations=87 (full 0):
 garbage-first heap   total 2064384K, used 506557K [0x0000000080000000, 0x00000000820001f8, 0x0000000100000000)
  region size 32768K, 2 young (65536K), 2 survivors (65536K)
 Metaspace       used 67681K, capacity 74212K, committed 74344K, reserved 1112064K
  class space    used 9409K, capacity 11100K, committed 11156K, reserved 1048576K
}
Event: 39.372 GC heap before
{Heap before GC invocations=87 (full 0):
 garbage-first heap   total 2064384K, used 1587901K [0x0000000080000000, 0x00000000820001f8, 0x0000000100000000)
  region size 32768K, 35 young (1146880K), 2 survivors (65536K)
 Metaspace       used 67684K, capacity 74212K, committed 74344K, reserved 1112064K
  class space    used 9409K, capacity 11100K, committed 11156K, reserved 1048576K
Event: 39.396 GC heap after
Heap after GC invocations=88 (full 0):
 garbage-first heap   total 2064384K, used 503351K [0x0000000080000000, 0x00000000820001f8, 0x0000000100000000)
  region size 32768K, 2 young (65536K), 2 survivors (65536K)
 Metaspace       used 67684K, capacity 74212K, committed 74344K, reserved 1112064K
  class space    used 9409K, capacity 11100K, committed 11156K, reserved 1048576K
}
Event: 39.981 GC heap before
{Heap before GC invocations=88 (full 0):
 garbage-first heap   total 2064384K, used 1519159K [0x0000000080000000, 0x00000000820001f8, 0x0000000100000000)
  region size 32768K, 33 young (1081344K), 2 survivors (65536K)
 Metaspace       used 69357K, capacity 76086K, committed 76136K, reserved 1114112K
  class space    used 9640K, capacity 11368K, committed 11412K, reserved 1048576K
Event: 40.020 GC heap after
Heap after GC invocations=89 (full 0):
 garbage-first heap   total 2064384K, used 531454K [0x0000000080000000, 0x00000000820001f8, 0x0000000100000000)
  region size 32768K, 3 young (98304K), 3 survivors (98304K)
 Metaspace       used 69357K, capacity 76086K, committed 76136K, reserved 1114112K
  class space    used 9640K, capacity 11368K, committed 11412K, reserved 1048576K
}
Event: 40.544 GC heap before
{Heap before GC invocations=89 (full 0):
 garbage-first heap   total 2064384K, used 1481726K [0x0000000080000000, 0x00000000820001f8, 0x0000000100000000)
  region size 32768K, 32 young (1048576K), 3 survivors (98304K)
 Metaspace       used 69441K, capacity 76202K, committed 76392K, reserved 1114112K
  class space    used 9650K, capacity 11374K, committed 11412K, reserved 1048576K
Event: 40.587 GC heap after
Heap after GC invocations=90 (full 0):
 garbage-first heap   total 2064384K, used 573649K [0x0000000080000000, 0x00000000820001f8, 0x0000000100000000)
  region size 32768K, 4 young (131072K), 4 survivors (131072K)
 Metaspace       used 69441K, capacity 76202K, committed 76392K, reserved 1114112K
  class space    used 9650K, capacity 11374K, committed 11412K, reserved 1048576K
}
Event: 41.123 GC heap before
{Heap before GC invocations=90 (full 0):
 garbage-first heap   total 2064384K, used 1229009K [0x0000000080000000, 0x00000000820001f8, 0x0000000100000000)
  region size 32768K, 24 young (786432K), 4 survivors (131072K)
 Metaspace       used 70605K, capacity 77650K, committed 77928K, reserved 1116160K
  class space    used 9819K, capacity 11606K, committed 11668K, reserved 1048576K
Event: 41.169 GC heap after
Heap after GC invocations=91 (full 0):
 garbage-first heap   total 2064384K, used 559025K [0x0000000080000000, 0x00000000820001f8, 0x0000000100000000)
  region size 32768K, 3 young (98304K), 3 survivors (98304K)
 Metaspace       used 70605K, capacity 77650K, committed 77928K, reserved 1116160K
  class space    used 9819K, capacity 11606K, committed 11668K, reserved 1048576K
}

